This file contains any messages produced by compilers while
running configure, to aid debugging if configure makes a mistake.

It was created by Arm Examples configure 1.0, which was
generated by GNU Autoconf 2.69.  Invocation command line was

  $ ./configure --disable-option-checking --prefix=/usr/local --host=arm-elf --srcdir=.

## --------- ##
## Platform. ##
## --------- ##

hostname = F202-08
uname -m = x86_64
uname -r = 3.13.0-24-generic
uname -s = Linux
uname -v = #46-Ubuntu SMP Thu Apr 10 19:11:08 UTC 2014

/usr/bin/uname -p = unknown
/bin/uname -X     = unknown

/bin/arch              = unknown
/usr/bin/arch -k       = unknown
/usr/convex/getsysinfo = unknown
/usr/bin/hostinfo      = unknown
/bin/machine           = unknown
/usr/bin/oslevel       = unknown
/bin/universe          = unknown

PATH: /home/d/duplanm/.envarm
PATH: /home/f/fourneln/gnutools/arm/bin
PATH: /usr/local/bin
PATH: /usr/local/sbin
PATH: /usr/bin
PATH: /usr/sbin
PATH: /bin
PATH: /sbin


## ----------- ##
## Core tests. ##
## ----------- ##

configure:1843: checking for a BSD-compatible install
configure:1911: result: /usr/bin/install -c
configure:1922: checking whether build environment is sane
configure:1977: result: yes
configure:2036: checking for arm-elf-strip
configure:2066: result: no
configure:2076: checking for strip
configure:2092: found /usr/bin/strip
configure:2103: result: strip
configure:2128: checking for a thread-safe mkdir -p
configure:2167: result: /bin/mkdir -p
configure:2174: checking for gawk
configure:2190: found /usr/bin/gawk
configure:2201: result: gawk
configure:2212: checking whether make sets $(MAKE)
configure:2234: result: yes
configure:2263: checking whether make supports nested variables
configure:2280: result: yes
configure:2409: configuring ARM examples
configure:2421: checking for arm-elf-gcc
configure:2437: found /home/f/fourneln/gnutools/arm/bin/arm-elf-gcc
configure:2448: result: arm-elf-gcc
configure:2717: checking for C compiler version
configure:2726: arm-elf-gcc --version >&5
arm-elf-gcc (GCC) 4.5.3
Copyright (C) 2010 Free Software Foundation, Inc.
This is free software; see the source for copying conditions.  There is NO
warranty; not even for MERCHANTABILITY or FITNESS FOR A PARTICULAR PURPOSE.

configure:2737: $? = 0
configure:2726: arm-elf-gcc -v >&5
Using built-in specs.
COLLECT_GCC=arm-elf-gcc
COLLECT_LTO_WRAPPER=/home/f/fourneln/gnutools/arm/bin/../libexec/gcc/arm-eabi/4.5.3/lto-wrapper
Target: arm-eabi
Configured with: /opt/gnu/arm/SRC/gcc/configure --prefix=/opt/gnu/arm --target=arm-eabi --with-endian=little,big --with-dwarf2 --with-mode=arm --disable-threads --disable-shared --disable-nls --with-gnu-ld --with-gnu-as --with-newlib --with-headers=/opt/gnu/arm/SRC/newlib-1.19.0/newlib/libc/include --enable-languages=c,c++ --disable-libgomp --enable-libssp --disable-libada --enable-target-optspace CFLAGS='-static -g'
Thread model: single
gcc version 4.5.3 (GCC) 
configure:2737: $? = 0
configure:2726: arm-elf-gcc -V >&5
arm-elf-gcc: '-V' option must have argument
configure:2737: $? = 1
configure:2726: arm-elf-gcc -qversion >&5
arm-elf-gcc: unrecognized option '-qversion'
arm-elf-gcc: no input files
configure:2737: $? = 1
configure:2757: checking whether the C compiler works
configure:2779: arm-elf-gcc    conftest.c  >&5
configure:2783: $? = 0
configure:2831: result: yes
configure:2834: checking for C compiler default output file name
configure:2836: result: a.out
configure:2842: checking for suffix of executables
configure:2849: arm-elf-gcc -o conftest    conftest.c  >&5
configure:2853: $? = 0
configure:2875: result: 
configure:2897: checking whether we are cross compiling
configure:2905: arm-elf-gcc -o conftest    conftest.c  >&5
configure:2909: $? = 0
configure:2916: ./conftest
./configure: line 2918: ./conftest: cannot execute binary file: Exec format error
configure:2920: $? = 126
configure:2935: result: yes
configure:2940: checking for suffix of object files
configure:2962: arm-elf-gcc -c   conftest.c >&5
configure:2966: $? = 0
configure:2987: result: o
configure:2991: checking whether we are using the GNU C compiler
configure:3010: arm-elf-gcc -c   conftest.c >&5
configure:3010: $? = 0
configure:3019: result: yes
configure:3028: checking whether arm-elf-gcc accepts -g
configure:3048: arm-elf-gcc -c -g  conftest.c >&5
configure:3048: $? = 0
configure:3089: result: yes
configure:3106: checking for arm-elf-gcc option to accept ISO C89
configure:3169: arm-elf-gcc  -c -g -O2  conftest.c >&5
configure:3169: $? = 0
configure:3182: result: none needed
configure:3207: checking whether arm-elf-gcc understands -c and -o together
configure:3229: arm-elf-gcc -c conftest.c -o conftest2.o
configure:3232: $? = 0
configure:3229: arm-elf-gcc -c conftest.c -o conftest2.o
configure:3232: $? = 0
configure:3244: result: yes
configure:3272: checking for style of include used by make
configure:3300: result: GNU
configure:3326: checking dependency style of arm-elf-gcc
configure:3437: result: gcc3
configure:3461: checking dependency style of arm-elf-gcc
configure:3570: result: gcc3
configure:3587: checking whether the compiler is targeting ARM
configure:3590: result: yes
configure:3728: checking that generated files are newer than configure
configure:3734: result: done
configure:3765: creating ./config.status

## ---------------------- ##
## Running config.status. ##
## ---------------------- ##

This file was extended by Arm Examples config.status 1.0, which was
generated by GNU Autoconf 2.69.  Invocation command line was

  CONFIG_FILES    = 
  CONFIG_HEADERS  = 
  CONFIG_LINKS    = 
  CONFIG_COMMANDS = 
  $ ./config.status 

on F202-08

config.status:846: creating Makefile
config.status:846: creating config.h
config.status:1027: config.h is unchanged
config.status:1075: executing depfiles commands

## ---------------- ##
## Cache variables. ##
## ---------------- ##

ac_cv_c_compiler_gnu=yes
ac_cv_env_CCASFLAGS_set=
ac_cv_env_CCASFLAGS_value=
ac_cv_env_CCAS_set=
ac_cv_env_CCAS_value=
ac_cv_env_CC_set=
ac_cv_env_CC_value=
ac_cv_env_CFLAGS_set=
ac_cv_env_CFLAGS_value=
ac_cv_env_CPPFLAGS_set=
ac_cv_env_CPPFLAGS_value=
ac_cv_env_LDFLAGS_set=
ac_cv_env_LDFLAGS_value=
ac_cv_env_LIBS_set=
ac_cv_env_LIBS_value=
ac_cv_env_build_alias_set=
ac_cv_env_build_alias_value=
ac_cv_env_host_alias_set=set
ac_cv_env_host_alias_value=arm-elf
ac_cv_env_target_alias_set=
ac_cv_env_target_alias_value=
ac_cv_objext=o
ac_cv_path_install='/usr/bin/install -c'
ac_cv_path_mkdir=/bin/mkdir
ac_cv_prog_AWK=gawk
ac_cv_prog_CC=arm-elf-gcc
ac_cv_prog_ac_ct_STRIP=strip
ac_cv_prog_cc_c89=
ac_cv_prog_cc_g=yes
ac_cv_prog_make_make_set=yes
am_cv_CCAS_dependencies_compiler_type=gcc3
am_cv_CC_dependencies_compiler_type=gcc3
am_cv_make_support_nested_variables=yes
am_cv_prog_cc_c_o=yes

## ----------------- ##
## Output variables. ##
## ----------------- ##

ACLOCAL='${SHELL} /home/d/duplanm/git/projetProg5-ARM_simulator/build-aux/missing aclocal-1.14'
AMDEPBACKSLASH='\'
AMDEP_FALSE='#'
AMDEP_TRUE=''
AMTAR='$${TAR-tar}'
AM_BACKSLASH='\'
AM_DEFAULT_V='$(AM_DEFAULT_VERBOSITY)'
AM_DEFAULT_VERBOSITY='1'
AM_V='$(V)'
AUTOCONF='${SHELL} /home/d/duplanm/git/projetProg5-ARM_simulator/build-aux/missing autoconf'
AUTOHEADER='${SHELL} /home/d/duplanm/git/projetProg5-ARM_simulator/build-aux/missing autoheader'
AUTOMAKE='${SHELL} /home/d/duplanm/git/projetProg5-ARM_simulator/build-aux/missing automake-1.14'
AWK='gawk'
CC='arm-elf-gcc'
CCAS='arm-elf-gcc'
CCASDEPMODE='depmode=gcc3'
CCASFLAGS='-g -O2'
CCDEPMODE='depmode=gcc3'
CFLAGS='-g -O2'
CPPFLAGS=''
CYGPATH_W='echo'
DEFS='-DHAVE_CONFIG_H'
DEPDIR='.deps'
ECHO_C=''
ECHO_N='-n'
ECHO_T=''
EXEEXT=''
HAVE_ARM_COMPILER_FALSE='#'
HAVE_ARM_COMPILER_TRUE=''
INSTALL_DATA='${INSTALL} -m 644'
INSTALL_PROGRAM='${INSTALL}'
INSTALL_SCRIPT='${INSTALL}'
INSTALL_STRIP_PROGRAM='$(install_sh) -c -s'
LDFLAGS=''
LIBOBJS=''
LIBS=''
LTLIBOBJS=''
MAKEINFO='${SHELL} /home/d/duplanm/git/projetProg5-ARM_simulator/build-aux/missing makeinfo'
MKDIR_P='/bin/mkdir -p'
OBJEXT='o'
PACKAGE='arm-examples'
PACKAGE_BUGREPORT='Guillaume.Huard@imag.fr'
PACKAGE_NAME='Arm Examples'
PACKAGE_STRING='Arm Examples 1.0'
PACKAGE_TARNAME='arm-examples'
PACKAGE_URL=''
PACKAGE_VERSION='1.0'
PATH_SEPARATOR=':'
SET_MAKE=''
SHELL='/bin/bash'
STRIP='strip'
VERSION='1.0'
ac_ct_CC=''
am__EXEEXT_FALSE=''
am__EXEEXT_TRUE='#'
am__fastdepCCAS_FALSE='#'
am__fastdepCCAS_TRUE=''
am__fastdepCC_FALSE='#'
am__fastdepCC_TRUE=''
am__include='include'
am__isrc=''
am__leading_dot='.'
am__nodep='_no'
am__quote=''
am__tar='$${TAR-tar} chof - "$$tardir"'
am__untar='$${TAR-tar} xf -'
bindir='${exec_prefix}/bin'
build_alias=''
datadir='${datarootdir}'
datarootdir='${prefix}/share'
docdir='${datarootdir}/doc/${PACKAGE_TARNAME}'
dvidir='${docdir}'
exec_prefix='${prefix}'
host_alias='arm-elf'
htmldir='${docdir}'
includedir='${prefix}/include'
infodir='${datarootdir}/info'
install_sh='${SHELL} /home/d/duplanm/git/projetProg5-ARM_simulator/build-aux/install-sh'
libdir='${exec_prefix}/lib'
libexecdir='${exec_prefix}/libexec'
localedir='${datarootdir}/locale'
localstatedir='${prefix}/var'
mandir='${datarootdir}/man'
mkdir_p='$(MKDIR_P)'
oldincludedir='/usr/include'
pdfdir='${docdir}'
prefix='/usr/local'
program_transform_name='s,x,x,'
psdir='${docdir}'
sbindir='${exec_prefix}/sbin'
sharedstatedir='${prefix}/com'
sysconfdir='${prefix}/etc'
target_alias=''

## ----------- ##
## confdefs.h. ##
## ----------- ##

/* confdefs.h */
#define PACKAGE_NAME "Arm Examples"
#define PACKAGE_TARNAME "arm-examples"
#define PACKAGE_VERSION "1.0"
#define PACKAGE_STRING "Arm Examples 1.0"
#define PACKAGE_BUGREPORT "Guillaume.Huard@imag.fr"
#define PACKAGE_URL ""
#define PACKAGE "arm-examples"
#define VERSION "1.0"

configure: exit 0
